[16-Jun-2023 10:27:49 UTC] PHP Warning:  Undefined variable $qsid in /Users/user/Local Sites/planty-wp/app/public/wp-content/plugins/child-theme-configurator/includes/classes/CSS.php on line 958
[16-Jun-2023 10:27:49 UTC] PHP Warning:  Undefined variable $qsid in /Users/user/Local Sites/planty-wp/app/public/wp-content/plugins/child-theme-configurator/includes/classes/CSS.php on line 960
[16-Jun-2023 10:27:49 UTC] PHP Warning:  Undefined variable $qsid in /Users/user/Local Sites/planty-wp/app/public/wp-content/plugins/child-theme-configurator/includes/classes/CSS.php on line 967
[16-Jun-2023 10:27:49 UTC] PHP Warning:  Undefined variable $qsid in /Users/user/Local Sites/planty-wp/app/public/wp-content/plugins/child-theme-configurator/includes/classes/CSS.php on line 968
[16-Jun-2023 10:27:49 UTC] PHP Warning:  Undefined variable $qsid in /Users/user/Local Sites/planty-wp/app/public/wp-content/plugins/child-theme-configurator/includes/classes/CSS.php on line 971
[16-Jun-2023 10:28:15 UTC] PHP Warning:  Undefined variable $qsid in /Users/user/Local Sites/planty-wp/app/public/wp-content/plugins/child-theme-configurator/includes/classes/CSS.php on line 958
[16-Jun-2023 10:28:15 UTC] PHP Warning:  Undefined variable $qsid in /Users/user/Local Sites/planty-wp/app/public/wp-content/plugins/child-theme-configurator/includes/classes/CSS.php on line 960
[16-Jun-2023 10:28:15 UTC] PHP Warning:  Undefined variable $qsid in /Users/user/Local Sites/planty-wp/app/public/wp-content/plugins/child-theme-configurator/includes/classes/CSS.php on line 967
[16-Jun-2023 10:28:15 UTC] PHP Warning:  Undefined variable $qsid in /Users/user/Local Sites/planty-wp/app/public/wp-content/plugins/child-theme-configurator/includes/classes/CSS.php on line 968
[16-Jun-2023 10:28:15 UTC] PHP Warning:  Undefined variable $qsid in /Users/user/Local Sites/planty-wp/app/public/wp-content/plugins/child-theme-configurator/includes/classes/CSS.php on line 971
[16-Jun-2023 10:29:00 UTC] PHP Warning:  Undefined variable $qsid in /Users/user/Local Sites/planty-wp/app/public/wp-content/plugins/child-theme-configurator/includes/classes/CSS.php on line 958
[16-Jun-2023 10:29:00 UTC] PHP Warning:  Undefined variable $qsid in /Users/user/Local Sites/planty-wp/app/public/wp-content/plugins/child-theme-configurator/includes/classes/CSS.php on line 960
[16-Jun-2023 10:29:00 UTC] PHP Warning:  Undefined variable $qsid in /Users/user/Local Sites/planty-wp/app/public/wp-content/plugins/child-theme-configurator/includes/classes/CSS.php on line 967
[16-Jun-2023 10:29:00 UTC] PHP Warning:  Undefined variable $qsid in /Users/user/Local Sites/planty-wp/app/public/wp-content/plugins/child-theme-configurator/includes/classes/CSS.php on line 968
[16-Jun-2023 10:29:00 UTC] PHP Warning:  Undefined variable $qsid in /Users/user/Local Sites/planty-wp/app/public/wp-content/plugins/child-theme-configurator/includes/classes/CSS.php on line 971
[16-Jun-2023 10:30:03 UTC] PHP Warning:  Undefined variable $qsid in /Users/user/Local Sites/planty-wp/app/public/wp-content/plugins/child-theme-configurator/includes/classes/CSS.php on line 958
[16-Jun-2023 10:30:03 UTC] PHP Warning:  Undefined variable $qsid in /Users/user/Local Sites/planty-wp/app/public/wp-content/plugins/child-theme-configurator/includes/classes/CSS.php on line 960
[16-Jun-2023 10:30:03 UTC] PHP Warning:  Undefined variable $qsid in /Users/user/Local Sites/planty-wp/app/public/wp-content/plugins/child-theme-configurator/includes/classes/CSS.php on line 967
[16-Jun-2023 10:30:03 UTC] PHP Warning:  Undefined variable $qsid in /Users/user/Local Sites/planty-wp/app/public/wp-content/plugins/child-theme-configurator/includes/classes/CSS.php on line 968
[16-Jun-2023 10:30:03 UTC] PHP Warning:  Undefined variable $qsid in /Users/user/Local Sites/planty-wp/app/public/wp-content/plugins/child-theme-configurator/includes/classes/CSS.php on line 971
[16-Jun-2023 11:18:00 UTC] PHP Warning:  filemtime(): stat failed for /Users/user/Local Sites/planty-wp/app/public/wp-content/themes/neve-child/css/theme.css in /Users/user/Local Sites/planty-wp/app/public/wp-content/themes/neve-child/functions.php on line 31
[16-Jun-2023 11:18:01 UTC] PHP Warning:  filemtime(): stat failed for /Users/user/Local Sites/planty-wp/app/public/wp-content/themes/neve-child/css/theme.css in /Users/user/Local Sites/planty-wp/app/public/wp-content/themes/neve-child/functions.php on line 31
[21-Jun-2023 12:10:12 UTC] Cron reschedule event error for hook: action_scheduler_run_queue, Error code: could_not_set, Error message: The cron event list could not be saved., Data: {"schedule":"every_minute","args":["WP Cron"],"interval":60}
[21-Jun-2023 12:50:38 UTC] Cron reschedule event error for hook: action_scheduler_run_queue, Error code: could_not_set, Error message: The cron event list could not be saved., Data: {"schedule":"every_minute","args":["WP Cron"],"interval":60}
[21-Jun-2023 13:40:13 UTC] Cron reschedule event error for hook: wp_nf_update_fields_cron, Error code: invalid_schedule, Error message: Event schedule does not exist., Data: {"schedule":"wp_nf_update_fields_cron_interval","args":[],"interval":300}
[21-Jun-2023 13:59:38 UTC] PHP Warning:  Undefined array key "seq_num" in /Users/user/Local Sites/planty-wp/app/public/wp-content/plugins/ninja-forms/includes/Admin/Processes/ImportForm.php on line 271
[21-Jun-2023 13:59:38 UTC] PHP Warning:  Undefined array key "seq_num" in /Users/user/Local Sites/planty-wp/app/public/wp-content/plugins/ninja-forms/includes/Admin/Processes/ImportForm.php on line 272
[21-Jun-2023 13:59:38 UTC] PHP Warning:  Undefined array key "updated_at" in /Users/user/Local Sites/planty-wp/app/public/wp-content/plugins/ninja-forms/includes/Admin/Processes/ImportForm.php on line 359
[21-Jun-2023 13:59:38 UTC] PHP Warning:  Undefined array key "updated_at" in /Users/user/Local Sites/planty-wp/app/public/wp-content/plugins/ninja-forms/includes/Admin/Processes/ImportForm.php on line 360
[21-Jun-2023 13:59:38 UTC] PHP Warning:  Undefined array key "updated_at" in /Users/user/Local Sites/planty-wp/app/public/wp-content/plugins/ninja-forms/includes/Admin/Processes/ImportForm.php on line 359
[21-Jun-2023 13:59:38 UTC] PHP Warning:  Undefined array key "updated_at" in /Users/user/Local Sites/planty-wp/app/public/wp-content/plugins/ninja-forms/includes/Admin/Processes/ImportForm.php on line 360
[21-Jun-2023 13:59:38 UTC] PHP Warning:  Undefined array key "updated_at" in /Users/user/Local Sites/planty-wp/app/public/wp-content/plugins/ninja-forms/includes/Admin/Processes/ImportForm.php on line 359
[21-Jun-2023 13:59:38 UTC] PHP Warning:  Undefined array key "updated_at" in /Users/user/Local Sites/planty-wp/app/public/wp-content/plugins/ninja-forms/includes/Admin/Processes/ImportForm.php on line 360
[21-Jun-2023 13:59:38 UTC] PHP Warning:  Undefined array key "updated_at" in /Users/user/Local Sites/planty-wp/app/public/wp-content/plugins/ninja-forms/includes/Admin/Processes/ImportForm.php on line 359
[21-Jun-2023 13:59:38 UTC] PHP Warning:  Undefined array key "updated_at" in /Users/user/Local Sites/planty-wp/app/public/wp-content/plugins/ninja-forms/includes/Admin/Processes/ImportForm.php on line 360
[21-Jun-2023 13:59:39 UTC] PHP Warning:  Undefined array key "id" in /Users/user/Local Sites/planty-wp/app/public/wp-content/plugins/ninja-forms/includes/Admin/Processes/ImportForm.php on line 456
[21-Jun-2023 13:59:39 UTC] PHP Warning:  Undefined array key "id" in /Users/user/Local Sites/planty-wp/app/public/wp-content/plugins/ninja-forms/includes/Admin/Processes/ImportForm.php on line 457
[21-Jun-2023 13:59:39 UTC] PHP Warning:  Undefined array key "personally_identifiable" in /Users/user/Local Sites/planty-wp/app/public/wp-content/plugins/ninja-forms/includes/Admin/Processes/ImportForm.php on line 456
[21-Jun-2023 13:59:39 UTC] PHP Warning:  Undefined array key "personally_identifiable" in /Users/user/Local Sites/planty-wp/app/public/wp-content/plugins/ninja-forms/includes/Admin/Processes/ImportForm.php on line 457
[21-Jun-2023 13:59:39 UTC] PHP Warning:  Undefined array key "id" in /Users/user/Local Sites/planty-wp/app/public/wp-content/plugins/ninja-forms/includes/Admin/Processes/ImportForm.php on line 456
[21-Jun-2023 13:59:39 UTC] PHP Warning:  Undefined array key "id" in /Users/user/Local Sites/planty-wp/app/public/wp-content/plugins/ninja-forms/includes/Admin/Processes/ImportForm.php on line 457
[21-Jun-2023 13:59:39 UTC] PHP Warning:  Undefined array key "personally_identifiable" in /Users/user/Local Sites/planty-wp/app/public/wp-content/plugins/ninja-forms/includes/Admin/Processes/ImportForm.php on line 456
[21-Jun-2023 13:59:39 UTC] PHP Warning:  Undefined array key "personally_identifiable" in /Users/user/Local Sites/planty-wp/app/public/wp-content/plugins/ninja-forms/includes/Admin/Processes/ImportForm.php on line 457
[21-Jun-2023 13:59:39 UTC] PHP Warning:  Undefined array key "id" in /Users/user/Local Sites/planty-wp/app/public/wp-content/plugins/ninja-forms/includes/Admin/Processes/ImportForm.php on line 456
[21-Jun-2023 13:59:39 UTC] PHP Warning:  Undefined array key "id" in /Users/user/Local Sites/planty-wp/app/public/wp-content/plugins/ninja-forms/includes/Admin/Processes/ImportForm.php on line 457
[21-Jun-2023 13:59:39 UTC] PHP Warning:  Undefined array key "personally_identifiable" in /Users/user/Local Sites/planty-wp/app/public/wp-content/plugins/ninja-forms/includes/Admin/Processes/ImportForm.php on line 456
[21-Jun-2023 13:59:39 UTC] PHP Warning:  Undefined array key "personally_identifiable" in /Users/user/Local Sites/planty-wp/app/public/wp-content/plugins/ninja-forms/includes/Admin/Processes/ImportForm.php on line 457
[21-Jun-2023 13:59:39 UTC] PHP Warning:  Undefined array key "id" in /Users/user/Local Sites/planty-wp/app/public/wp-content/plugins/ninja-forms/includes/Admin/Processes/ImportForm.php on line 456
[21-Jun-2023 13:59:39 UTC] PHP Warning:  Undefined array key "id" in /Users/user/Local Sites/planty-wp/app/public/wp-content/plugins/ninja-forms/includes/Admin/Processes/ImportForm.php on line 457
[21-Jun-2023 13:59:39 UTC] PHP Warning:  Undefined array key "required" in /Users/user/Local Sites/planty-wp/app/public/wp-content/plugins/ninja-forms/includes/Admin/Processes/ImportForm.php on line 456
[21-Jun-2023 13:59:39 UTC] PHP Warning:  Undefined array key "required" in /Users/user/Local Sites/planty-wp/app/public/wp-content/plugins/ninja-forms/includes/Admin/Processes/ImportForm.php on line 457
[21-Jun-2023 13:59:39 UTC] PHP Warning:  Undefined array key "default" in /Users/user/Local Sites/planty-wp/app/public/wp-content/plugins/ninja-forms/includes/Admin/Processes/ImportForm.php on line 456
[21-Jun-2023 13:59:39 UTC] PHP Warning:  Undefined array key "default" in /Users/user/Local Sites/planty-wp/app/public/wp-content/plugins/ninja-forms/includes/Admin/Processes/ImportForm.php on line 457
[21-Jun-2023 13:59:39 UTC] PHP Warning:  Undefined array key "label_pos" in /Users/user/Local Sites/planty-wp/app/public/wp-content/plugins/ninja-forms/includes/Admin/Processes/ImportForm.php on line 456
[21-Jun-2023 13:59:39 UTC] PHP Warning:  Undefined array key "label_pos" in /Users/user/Local Sites/planty-wp/app/public/wp-content/plugins/ninja-forms/includes/Admin/Processes/ImportForm.php on line 457
[21-Jun-2023 13:59:39 UTC] PHP Warning:  Undefined array key "personally_identifiable" in /Users/user/Local Sites/planty-wp/app/public/wp-content/plugins/ninja-forms/includes/Admin/Processes/ImportForm.php on line 456
[21-Jun-2023 13:59:39 UTC] PHP Warning:  Undefined array key "personally_identifiable" in /Users/user/Local Sites/planty-wp/app/public/wp-content/plugins/ninja-forms/includes/Admin/Processes/ImportForm.php on line 457
[21-Jun-2023 14:22:19 UTC] PHP Warning:  Undefined array key "erase_plugin_data" in /Users/user/Local Sites/planty-wp/app/public/wp-content/plugins/pinterest-for-woocommerce/uninstall.php on line 30
[21-Jun-2023 14:24:02 UTC] Cron reschedule event error for hook: action_scheduler_run_queue, Error code: invalid_schedule, Error message: Event schedule does not exist., Data: {"schedule":"every_minute","args":["WP Cron"],"interval":60}
