[16-Jun-2023 11:54:12] NOTICE: fpm is running, pid 2366
[16-Jun-2023 11:54:12] NOTICE: ready to handle connections
[27-Jun-2023 15:15:43] NOTICE: Terminating ...
[27-Jun-2023 15:15:43] NOTICE: Terminating ...
[27-Jun-2023 15:15:43] NOTICE: exiting, bye-bye!
[27-Jun-2023 15:18:53] NOTICE: fpm is running, pid 697
[27-Jun-2023 15:18:53] NOTICE: ready to handle connections
[27-Jun-2023 15:20:38] NOTICE: Terminating ...
[27-Jun-2023 15:20:38] NOTICE: Terminating ...
[27-Jun-2023 15:20:38] NOTICE: exiting, bye-bye!
[27-Jun-2023 15:24:03] NOTICE: fpm is running, pid 1094
[27-Jun-2023 15:24:03] NOTICE: ready to handle connections
[27-Jun-2023 15:25:07] NOTICE: Terminating ...
[27-Jun-2023 15:25:07] NOTICE: Terminating ...
[27-Jun-2023 15:25:07] NOTICE: exiting, bye-bye!
[27-Jun-2023 15:27:33] NOTICE: fpm is running, pid 1278
[27-Jun-2023 15:27:33] NOTICE: ready to handle connections
[27-Jun-2023 15:33:28] NOTICE: fpm is running, pid 689
[27-Jun-2023 15:33:28] NOTICE: ready to handle connections
[27-Jun-2023 15:34:12] NOTICE: Terminating ...
[27-Jun-2023 15:34:12] NOTICE: Terminating ...
[27-Jun-2023 15:34:12] NOTICE: exiting, bye-bye!
[27-Jun-2023 15:34:13] NOTICE: fpm is running, pid 872
[27-Jun-2023 15:34:13] NOTICE: ready to handle connections
[27-Jun-2023 15:41:34] NOTICE: Terminating ...
[27-Jun-2023 15:41:34] NOTICE: Terminating ...
[27-Jun-2023 15:41:35] NOTICE: exiting, bye-bye!
[27-Jun-2023 15:41:46] NOTICE: fpm is running, pid 1197
[27-Jun-2023 15:41:46] NOTICE: ready to handle connections
[27-Jun-2023 17:01:26] NOTICE: Terminating ...
[27-Jun-2023 17:01:26] NOTICE: Terminating ...
[27-Jun-2023 17:01:26] NOTICE: exiting, bye-bye!
[03-Jul-2023 11:31:19] NOTICE: fpm is running, pid 5120
[03-Jul-2023 11:31:19] NOTICE: ready to handle connections
